ARM GAS  /cygdrive/c/Users/embedded/AppData/Local/Temp/ccKkHTi9.s 			page 1


   1              		.code	16
   2              		.file	"lcd_hw.c"
   3              		.section	.debug_abbrev,"",%progbits
   4              	.Ldebug_abbrev0:
   5              		.section	.debug_info,"",%progbits
   6              	.Ldebug_info0:
   7              		.section	.debug_line,"",%progbits
   8              	.Ldebug_line0:
   9 0000 5F000000 		.text
   9      02002C00 
   9      00000201 
   9      FB0E0D00 
   9      01010101 
  10              	.Ltext0:
  11              		.align	2
  12              		.global	sendToLCD
  13              		.code 16
  14              		.thumb_func
  15              		.type	sendToLCD, %function
  16              	sendToLCD:
  17              	.LFB2:
  18              		.file 1 "lcd_hw.c"
   1:lcd_hw.c      **** /******************************************************************************
   2:lcd_hw.c      ****  *
   3:lcd_hw.c      ****  * Copyright:
   4:lcd_hw.c      ****  *    (C) 2006 Embedded Artists AB
   5:lcd_hw.c      ****  *
   6:lcd_hw.c      ****  * File:
   7:lcd_hw.c      ****  *    pca9532.c
   8:lcd_hw.c      ****  *
   9:lcd_hw.c      ****  * Description:
  10:lcd_hw.c      ****  *    Implements hardware specific routines
  11:lcd_hw.c      ****  *
  12:lcd_hw.c      ****  *****************************************************************************/
  13:lcd_hw.c      **** 
  14:lcd_hw.c      **** /******************************************************************************
  15:lcd_hw.c      ****  * Includes
  16:lcd_hw.c      ****  *****************************************************************************/
  17:lcd_hw.c      **** 
  18:lcd_hw.c      **** #include "general.h"
  19:lcd_hw.c      **** #include <lpc2xxx.h>
  20:lcd_hw.c      **** #include "lcd_hw.h"
  21:lcd_hw.c      **** 
  22:lcd_hw.c      **** /******************************************************************************
  23:lcd_hw.c      ****  * Typedefs and defines
  24:lcd_hw.c      ****  *****************************************************************************/
  25:lcd_hw.c      **** 
  26:lcd_hw.c      **** /*****************************************************************************
  27:lcd_hw.c      ****  * Global variables
  28:lcd_hw.c      ****  ****************************************************************************/
  29:lcd_hw.c      **** 
  30:lcd_hw.c      **** /*****************************************************************************
  31:lcd_hw.c      ****  * Local variables
  32:lcd_hw.c      ****  ****************************************************************************/
  33:lcd_hw.c      **** 
  34:lcd_hw.c      **** /*****************************************************************************
  35:lcd_hw.c      ****  * Local prototypes
ARM GAS  /cygdrive/c/Users/embedded/AppData/Local/Temp/ccKkHTi9.s 			page 2


  36:lcd_hw.c      ****  ****************************************************************************/
  37:lcd_hw.c      **** 
  38:lcd_hw.c      **** /*****************************************************************************
  39:lcd_hw.c      ****  *
  40:lcd_hw.c      ****  * Description:
  41:lcd_hw.c      ****  *    Send 9-bit data to LCD controller
  42:lcd_hw.c      ****  *
  43:lcd_hw.c      ****  ****************************************************************************/
  44:lcd_hw.c      **** 
  45:lcd_hw.c      **** void sendToLCD(tU8 firstBit, tU8 data)
  46:lcd_hw.c      **** {
  19              		.loc 1 46 0
  20 0000 80B5     		push	{r7, lr}
  21              	.LCFI0:
  22 0002 82B0     		sub	sp, sp, #8
  23              	.LCFI1:
  24 0004 00AF     		add	r7, sp, #0
  25              	.LCFI2:
  26 0006 031C     		mov	r3, r0
  27 0008 3A1D     		add	r2, r7, #4
  28 000a 1370     		strb	r3, [r2]
  29 000c 3A1C     		mov	r2, r7
  30 000e 0B1C     		add	r3, r1, #0
  31 0010 1370     		strb	r3, [r2]
  47:lcd_hw.c      ****   //disable SPI
  48:lcd_hw.c      ****   IOCLR = LCD_CLK;
  32              		.loc 1 48 0
  33 0012 1B4A     		ldr	r2, .L8
  34 0014 1023     		mov	r3, #16
  35 0016 1360     		str	r3, [r2]
  49:lcd_hw.c      ****   PINSEL0 &= 0xffffc0ff;
  36              		.loc 1 49 0
  37 0018 1A49     		ldr	r1, .L8+4
  38 001a 1A4B     		ldr	r3, .L8+4
  39 001c 1A68     		ldr	r2, [r3]
  40 001e 1A4B     		ldr	r3, .L8+8
  41 0020 1340     		and	r3, r3, r2
  42 0022 0B60     		str	r3, [r1]
  50:lcd_hw.c      ****   
  51:lcd_hw.c      ****   if (1 == firstBit)
  43              		.loc 1 51 0
  44 0024 3B1D     		add	r3, r7, #4
  45 0026 1B78     		ldrb	r3, [r3]
  46 0028 012B     		cmp	r3, #1
  47 002a 03D1     		bne	.L2
  52:lcd_hw.c      ****     IOSET = LCD_MOSI;   //set MOSI
  48              		.loc 1 52 0
  49 002c 174A     		ldr	r2, .L8+12
  50 002e 4023     		mov	r3, #64
  51 0030 1360     		str	r3, [r2]
  52 0032 02E0     		b	.L4
  53              	.L2:
  53:lcd_hw.c      ****   else
  54:lcd_hw.c      ****     IOCLR = LCD_MOSI;   //reset MOSI
  54              		.loc 1 54 0
  55 0034 124A     		ldr	r2, .L8
  56 0036 4023     		mov	r3, #64
ARM GAS  /cygdrive/c/Users/embedded/AppData/Local/Temp/ccKkHTi9.s 			page 3


  57 0038 1360     		str	r3, [r2]
  58              	.L4:
  55:lcd_hw.c      ****   
  56:lcd_hw.c      ****   //Set clock high
  57:lcd_hw.c      ****   IOSET = LCD_CLK;
  59              		.loc 1 57 0
  60 003a 144A     		ldr	r2, .L8+12
  61 003c 1023     		mov	r3, #16
  62 003e 1360     		str	r3, [r2]
  58:lcd_hw.c      ****   
  59:lcd_hw.c      ****   //Set clock low
  60:lcd_hw.c      ****   IOCLR = LCD_CLK;
  63              		.loc 1 60 0
  64 0040 0F4A     		ldr	r2, .L8
  65 0042 1023     		mov	r3, #16
  66 0044 1360     		str	r3, [r2]
  61:lcd_hw.c      ****   
  62:lcd_hw.c      ****   /*
  63:lcd_hw.c      ****    * Enable SPI again
  64:lcd_hw.c      ****    */
  65:lcd_hw.c      ****   //initialize SPI interface
  66:lcd_hw.c      ****   SPI_SPCCR = 0x08;    
  67              		.loc 1 66 0
  68 0046 124A     		ldr	r2, .L8+16
  69 0048 0823     		mov	r3, #8
  70 004a 1360     		str	r3, [r2]
  67:lcd_hw.c      ****   SPI_SPCR  = 0x20;
  71              		.loc 1 67 0
  72 004c 114A     		ldr	r2, .L8+20
  73 004e 2023     		mov	r3, #32
  74 0050 1360     		str	r3, [r2]
  68:lcd_hw.c      **** 
  69:lcd_hw.c      ****   //connect SPI bus to IO-pins
  70:lcd_hw.c      ****   PINSEL0 |= 0x00001500;
  75              		.loc 1 70 0
  76 0052 0C49     		ldr	r1, .L8+4
  77 0054 0B4B     		ldr	r3, .L8+4
  78 0056 1A68     		ldr	r2, [r3]
  79 0058 A823     		mov	r3, #168
  80 005a 5B01     		lsl	r3, r3, #5
  81 005c 1343     		orr	r3, r3, r2
  82 005e 0B60     		str	r3, [r1]
  71:lcd_hw.c      ****   
  72:lcd_hw.c      ****   //send byte
  73:lcd_hw.c      ****   SPI_SPDR = data;
  83              		.loc 1 73 0
  84 0060 0D4A     		ldr	r2, .L8+24
  85 0062 3B1C     		mov	r3, r7
  86 0064 1B78     		ldrb	r3, [r3]
  87 0066 1360     		str	r3, [r2]
  88              	.L5:
  74:lcd_hw.c      ****   while((SPI_SPSR & 0x80) == 0)
  89              		.loc 1 74 0
  90 0068 0C4B     		ldr	r3, .L8+28
  91 006a 1A68     		ldr	r2, [r3]
  92 006c 8023     		mov	r3, #128
  93 006e 1340     		and	r3, r3, r2
ARM GAS  /cygdrive/c/Users/embedded/AppData/Local/Temp/ccKkHTi9.s 			page 4


  94 0070 002B     		cmp	r3, #0
  95 0072 F9D0     		beq	.L5
  75:lcd_hw.c      ****     ;
  76:lcd_hw.c      **** }
  96              		.loc 1 76 0
  97 0074 BD46     		mov	sp, r7
  98 0076 02B0     		add	sp, sp, #8
  99              		@ sp needed for prologue
 100 0078 80BC     		pop	{r7}
 101 007a 01BC     		pop	{r0}
 102 007c 0047     		bx	r0
 103              	.L9:
 104 007e 0000     		.align	2
 105              	.L8:
 106 0080 0C8002E0 		.word	-536707060
 107 0084 00C002E0 		.word	-536690688
 108 0088 FFC0FFFF 		.word	-16129
 109 008c 048002E0 		.word	-536707068
 110 0090 0C0002E0 		.word	-536739828
 111 0094 000002E0 		.word	-536739840
 112 0098 080002E0 		.word	-536739832
 113 009c 040002E0 		.word	-536739836
 114              	.LFE2:
 115              		.size	sendToLCD, .-sendToLCD
 116              		.align	2
 117              		.global	initSpiForLcd
 118              		.code 16
 119              		.thumb_func
 120              		.type	initSpiForLcd, %function
 121              	initSpiForLcd:
 122              	.LFB3:
  77:lcd_hw.c      **** 
  78:lcd_hw.c      **** /*****************************************************************************
  79:lcd_hw.c      ****  *
  80:lcd_hw.c      ****  * Description:
  81:lcd_hw.c      ****  *    Initialize the SPI interface for the LCD controller
  82:lcd_hw.c      ****  *
  83:lcd_hw.c      ****  ****************************************************************************/
  84:lcd_hw.c      **** 
  85:lcd_hw.c      **** void initSpiForLcd(void)
  86:lcd_hw.c      **** {
 123              		.loc 1 86 0
 124 00a0 80B5     		push	{r7, lr}
 125              	.LCFI3:
 126 00a2 00AF     		add	r7, sp, #0
 127              	.LCFI4:
  87:lcd_hw.c      ****   //make SPI slave chip select an output and set signal high
  88:lcd_hw.c      ****   IODIR |= (LCD_CS | LCD_CLK | LCD_MOSI);
 128              		.loc 1 88 0
 129 00a4 0C49     		ldr	r1, .L12
 130 00a6 0C4B     		ldr	r3, .L12
 131 00a8 1A68     		ldr	r2, [r3]
 132 00aa D023     		mov	r3, #208
 133 00ac 1343     		orr	r3, r3, r2
 134 00ae 0B60     		str	r3, [r1]
  89:lcd_hw.c      ****   
  90:lcd_hw.c      ****   //deselect controller
ARM GAS  /cygdrive/c/Users/embedded/AppData/Local/Temp/ccKkHTi9.s 			page 5


  91:lcd_hw.c      ****   selectLCD(FALSE);
 135              		.loc 1 91 0
 136 00b0 0020     		mov	r0, #0
 137 00b2 FFF7FEFF 		bl	selectLCD
  92:lcd_hw.c      **** 
  93:lcd_hw.c      ****   //connect SPI bus to IO-pins
  94:lcd_hw.c      ****   PINSEL0 |= 0x00001500;
 138              		.loc 1 94 0
 139 00b6 0949     		ldr	r1, .L12+4
 140 00b8 084B     		ldr	r3, .L12+4
 141 00ba 1A68     		ldr	r2, [r3]
 142 00bc A823     		mov	r3, #168
 143 00be 5B01     		lsl	r3, r3, #5
 144 00c0 1343     		orr	r3, r3, r2
 145 00c2 0B60     		str	r3, [r1]
  95:lcd_hw.c      ****   
  96:lcd_hw.c      ****   //initialize SPI interface
  97:lcd_hw.c      ****   SPI_SPCCR = 0x08;    
 146              		.loc 1 97 0
 147 00c4 064A     		ldr	r2, .L12+8
 148 00c6 0823     		mov	r3, #8
 149 00c8 1360     		str	r3, [r2]
  98:lcd_hw.c      ****   SPI_SPCR  = 0x20;
 150              		.loc 1 98 0
 151 00ca 064A     		ldr	r2, .L12+12
 152 00cc 2023     		mov	r3, #32
 153 00ce 1360     		str	r3, [r2]
  99:lcd_hw.c      **** }
 154              		.loc 1 99 0
 155 00d0 BD46     		mov	sp, r7
 156              		@ sp needed for prologue
 157 00d2 80BC     		pop	{r7}
 158 00d4 01BC     		pop	{r0}
 159 00d6 0047     		bx	r0
 160              	.L13:
 161              		.align	2
 162              	.L12:
 163 00d8 088002E0 		.word	-536707064
 164 00dc 00C002E0 		.word	-536690688
 165 00e0 0C0002E0 		.word	-536739828
 166 00e4 000002E0 		.word	-536739840
 167              	.LFE3:
 168              		.size	initSpiForLcd, .-initSpiForLcd
 169              		.align	2
 170              		.global	selectLCD
 171              		.code 16
 172              		.thumb_func
 173              		.type	selectLCD, %function
 174              	selectLCD:
 175              	.LFB4:
 100:lcd_hw.c      **** 
 101:lcd_hw.c      **** /*****************************************************************************
 102:lcd_hw.c      ****  *
 103:lcd_hw.c      ****  * Description:
 104:lcd_hw.c      ****  *    Select/deselect LCD controller (by controlling chip select signal)
 105:lcd_hw.c      ****  *
 106:lcd_hw.c      ****  ****************************************************************************/
ARM GAS  /cygdrive/c/Users/embedded/AppData/Local/Temp/ccKkHTi9.s 			page 6


 107:lcd_hw.c      **** 
 108:lcd_hw.c      **** void selectLCD(tBool select)
 109:lcd_hw.c      **** {
 176              		.loc 1 109 0
 177 00e8 80B5     		push	{r7, lr}
 178              	.LCFI5:
 179 00ea 81B0     		sub	sp, sp, #4
 180              	.LCFI6:
 181 00ec 00AF     		add	r7, sp, #0
 182              	.LCFI7:
 183 00ee 3B1C     		mov	r3, r7
 184 00f0 1860     		str	r0, [r3]
 110:lcd_hw.c      ****   if (TRUE == select)
 185              		.loc 1 110 0
 186 00f2 3B1C     		mov	r3, r7
 187 00f4 1B68     		ldr	r3, [r3]
 188 00f6 012B     		cmp	r3, #1
 189 00f8 03D1     		bne	.L15
 111:lcd_hw.c      ****     IOCLR = LCD_CS;
 190              		.loc 1 111 0
 191 00fa 064A     		ldr	r2, .L19
 192 00fc 8023     		mov	r3, #128
 193 00fe 1360     		str	r3, [r2]
 194 0100 02E0     		b	.L18
 195              	.L15:
 112:lcd_hw.c      ****   else
 113:lcd_hw.c      ****     IOSET = LCD_CS;
 196              		.loc 1 113 0
 197 0102 054A     		ldr	r2, .L19+4
 198 0104 8023     		mov	r3, #128
 199 0106 1360     		str	r3, [r2]
 200              	.L18:
 114:lcd_hw.c      **** }
 201              		.loc 1 114 0
 202 0108 BD46     		mov	sp, r7
 203 010a 01B0     		add	sp, sp, #4
 204              		@ sp needed for prologue
 205 010c 80BC     		pop	{r7}
 206 010e 01BC     		pop	{r0}
 207 0110 0047     		bx	r0
 208              	.L20:
 209 0112 0000     		.align	2
 210              	.L19:
 211 0114 0C8002E0 		.word	-536707060
 212 0118 048002E0 		.word	-536707068
 213              	.LFE4:
 214              		.size	selectLCD, .-selectLCD
 215              		.section	.debug_frame,"",%progbits
 216              	.Lframe0:
 217 0000 0C000000 		.4byte	.LECIE0-.LSCIE0
 218              	.LSCIE0:
 219 0004 FFFFFFFF 		.4byte	0xffffffff
 220 0008 01       		.byte	0x1
 221 0009 00       		.ascii	"\000"
 222 000a 01       		.uleb128 0x1
 223 000b 7C       		.sleb128 -4
 224 000c 0E       		.byte	0xe
ARM GAS  /cygdrive/c/Users/embedded/AppData/Local/Temp/ccKkHTi9.s 			page 7


 225 000d 0C       		.byte	0xc
 226 000e 0D       		.uleb128 0xd
 227 000f 00       		.uleb128 0x0
 228              		.align	2
 229              	.LECIE0:
 230              	.LSFDE0:
 231 0010 1C000000 		.4byte	.LEFDE0-.LASFDE0
 232              	.LASFDE0:
 233 0014 00000000 		.4byte	.Lframe0
 234 0018 00000000 		.4byte	.LFB2
 235 001c A0000000 		.4byte	.LFE2-.LFB2
 236 0020 42       		.byte	0x4
 237              		.4byte	.LCFI0-.LFB2
 238 0021 0E       		.byte	0xe
 239 0022 08       		.uleb128 0x8
 240 0023 87       		.byte	0x87
 241 0024 02       		.uleb128 0x2
 242 0025 8E       		.byte	0x8e
 243 0026 01       		.uleb128 0x1
 244 0027 42       		.byte	0x4
 245              		.4byte	.LCFI1-.LCFI0
 246 0028 0E       		.byte	0xe
 247 0029 10       		.uleb128 0x10
 248 002a 42       		.byte	0x4
 249              		.4byte	.LCFI2-.LCFI1
 250 002b 0D       		.byte	0xd
 251 002c 07       		.uleb128 0x7
 252 002d 000000   		.align	2
 253              	.LEFDE0:
 254              	.LSFDE2:
 255 0030 18000000 		.4byte	.LEFDE2-.LASFDE2
 256              	.LASFDE2:
 257 0034 00000000 		.4byte	.Lframe0
 258 0038 A0000000 		.4byte	.LFB3
 259 003c 48000000 		.4byte	.LFE3-.LFB3
 260 0040 42       		.byte	0x4
 261              		.4byte	.LCFI3-.LFB3
 262 0041 0E       		.byte	0xe
 263 0042 08       		.uleb128 0x8
 264 0043 87       		.byte	0x87
 265 0044 02       		.uleb128 0x2
 266 0045 8E       		.byte	0x8e
 267 0046 01       		.uleb128 0x1
 268 0047 42       		.byte	0x4
 269              		.4byte	.LCFI4-.LCFI3
 270 0048 0D       		.byte	0xd
 271 0049 07       		.uleb128 0x7
 272 004a 0000     		.align	2
 273              	.LEFDE2:
 274              	.LSFDE4:
 275 004c 1C000000 		.4byte	.LEFDE4-.LASFDE4
 276              	.LASFDE4:
 277 0050 00000000 		.4byte	.Lframe0
 278 0054 E8000000 		.4byte	.LFB4
 279 0058 34000000 		.4byte	.LFE4-.LFB4
 280 005c 42       		.byte	0x4
 281              		.4byte	.LCFI5-.LFB4
ARM GAS  /cygdrive/c/Users/embedded/AppData/Local/Temp/ccKkHTi9.s 			page 8


 282 005d 0E       		.byte	0xe
 283 005e 08       		.uleb128 0x8
 284 005f 87       		.byte	0x87
 285 0060 02       		.uleb128 0x2
 286 0061 8E       		.byte	0x8e
 287 0062 01       		.uleb128 0x1
 288 0063 42       		.byte	0x4
 289              		.4byte	.LCFI6-.LCFI5
 290 0064 0E       		.byte	0xe
 291 0065 0C       		.uleb128 0xc
 292 0066 42       		.byte	0x4
 293              		.4byte	.LCFI7-.LCFI6
 294 0067 0D       		.byte	0xd
 295 0068 07       		.uleb128 0x7
 296 0069 000000   		.align	2
 297              	.LEFDE4:
 298              		.file 2 "general.h"
 299              		.text
 300              	.Letext0:
 301              		.section	.debug_loc,"",%progbits
 302              	.Ldebug_loc0:
 303              	.LLST0:
 304 0000 00000000 		.4byte	.LFB2-.Ltext0
 305 0004 02000000 		.4byte	.LCFI0-.Ltext0
 306 0008 0100     		.2byte	0x1
 307 000a 5D       		.byte	0x5d
 308 000b 02000000 		.4byte	.LCFI0-.Ltext0
 309 000f 04000000 		.4byte	.LCFI1-.Ltext0
 310 0013 0200     		.2byte	0x2
 311 0015 7D       		.byte	0x7d
 312 0016 08       		.sleb128 8
 313 0017 04000000 		.4byte	.LCFI1-.Ltext0
 314 001b 06000000 		.4byte	.LCFI2-.Ltext0
 315 001f 0200     		.2byte	0x2
 316 0021 7D       		.byte	0x7d
 317 0022 10       		.sleb128 16
 318 0023 06000000 		.4byte	.LCFI2-.Ltext0
 319 0027 A0000000 		.4byte	.LFE2-.Ltext0
 320 002b 0200     		.2byte	0x2
 321 002d 77       		.byte	0x77
 322 002e 10       		.sleb128 16
 323 002f 00000000 		.4byte	0x0
 324 0033 00000000 		.4byte	0x0
 325              	.LLST1:
 326 0037 A0000000 		.4byte	.LFB3-.Ltext0
 327 003b A2000000 		.4byte	.LCFI3-.Ltext0
 328 003f 0100     		.2byte	0x1
 329 0041 5D       		.byte	0x5d
 330 0042 A2000000 		.4byte	.LCFI3-.Ltext0
 331 0046 A4000000 		.4byte	.LCFI4-.Ltext0
 332 004a 0200     		.2byte	0x2
 333 004c 7D       		.byte	0x7d
 334 004d 08       		.sleb128 8
 335 004e A4000000 		.4byte	.LCFI4-.Ltext0
 336 0052 E8000000 		.4byte	.LFE3-.Ltext0
 337 0056 0200     		.2byte	0x2
 338 0058 77       		.byte	0x77
ARM GAS  /cygdrive/c/Users/embedded/AppData/Local/Temp/ccKkHTi9.s 			page 9


 339 0059 08       		.sleb128 8
 340 005a 00000000 		.4byte	0x0
 341 005e 00000000 		.4byte	0x0
 342              	.LLST2:
 343 0062 E8000000 		.4byte	.LFB4-.Ltext0
 344 0066 EA000000 		.4byte	.LCFI5-.Ltext0
 345 006a 0100     		.2byte	0x1
 346 006c 5D       		.byte	0x5d
 347 006d EA000000 		.4byte	.LCFI5-.Ltext0
 348 0071 EC000000 		.4byte	.LCFI6-.Ltext0
 349 0075 0200     		.2byte	0x2
 350 0077 7D       		.byte	0x7d
 351 0078 08       		.sleb128 8
 352 0079 EC000000 		.4byte	.LCFI6-.Ltext0
 353 007d EE000000 		.4byte	.LCFI7-.Ltext0
 354 0081 0200     		.2byte	0x2
 355 0083 7D       		.byte	0x7d
 356 0084 0C       		.sleb128 12
 357 0085 EE000000 		.4byte	.LCFI7-.Ltext0
 358 0089 1C010000 		.4byte	.LFE4-.Ltext0
 359 008d 0200     		.2byte	0x2
 360 008f 77       		.byte	0x77
 361 0090 0C       		.sleb128 12
 362 0091 00000000 		.4byte	0x0
 363 0095 00000000 		.4byte	0x0
 364              		.section	.debug_info
 365 0000 95010000 		.4byte	0x195
 366 0004 0200     		.2byte	0x2
 367 0006 00000000 		.4byte	.Ldebug_abbrev0
 368 000a 04       		.byte	0x4
 369 000b 01       		.uleb128 0x1
 370 000c 00000000 		.4byte	.Ldebug_line0
 371 0010 1C010000 		.4byte	.Letext0
 372 0014 00000000 		.4byte	.Ltext0
 373 0018 474E5520 		.ascii	"GNU C 4.1.1\000"
 373      4320342E 
 373      312E3100 
 374 0024 01       		.byte	0x1
 375 0025 6C63645F 		.ascii	"lcd_hw.c\000"
 375      68772E63 
 375      00
 376 002e 2F637967 		.ascii	"/cygdrive/c/Embedded/eclipse/Demo/2138\000"
 376      64726976 
 376      652F632F 
 376      456D6265 
 376      64646564 
 377 0055 02       		.uleb128 0x2
 378 0056 74553800 		.ascii	"tU8\000"
 379 005a 02       		.byte	0x2
 380 005b 16       		.byte	0x16
 381 005c 60000000 		.4byte	0x60
 382 0060 03       		.uleb128 0x3
 383 0061 756E7369 		.ascii	"unsigned char\000"
 383      676E6564 
 383      20636861 
 383      7200
 384 006f 01       		.byte	0x1
ARM GAS  /cygdrive/c/Users/embedded/AppData/Local/Temp/ccKkHTi9.s 			page 10


 385 0070 08       		.byte	0x8
 386 0071 03       		.uleb128 0x3
 387 0072 73686F72 		.ascii	"short unsigned int\000"
 387      7420756E 
 387      7369676E 
 387      65642069 
 387      6E7400
 388 0085 02       		.byte	0x2
 389 0086 07       		.byte	0x7
 390 0087 03       		.uleb128 0x3
 391 0088 756E7369 		.ascii	"unsigned int\000"
 391      676E6564 
 391      20696E74 
 391      00
 392 0095 04       		.byte	0x4
 393 0096 07       		.byte	0x7
 394 0097 03       		.uleb128 0x3
 395 0098 6C6F6E67 		.ascii	"long long unsigned int\000"
 395      206C6F6E 
 395      6720756E 
 395      7369676E 
 395      65642069 
 396 00af 08       		.byte	0x8
 397 00b0 07       		.byte	0x7
 398 00b1 03       		.uleb128 0x3
 399 00b2 7369676E 		.ascii	"signed char\000"
 399      65642063 
 399      68617200 
 400 00be 01       		.byte	0x1
 401 00bf 06       		.byte	0x6
 402 00c0 03       		.uleb128 0x3
 403 00c1 73686F72 		.ascii	"short int\000"
 403      7420696E 
 403      7400
 404 00cb 02       		.byte	0x2
 405 00cc 05       		.byte	0x5
 406 00cd 03       		.uleb128 0x3
 407 00ce 696E7400 		.ascii	"int\000"
 408 00d2 04       		.byte	0x4
 409 00d3 05       		.byte	0x5
 410 00d4 03       		.uleb128 0x3
 411 00d5 6C6F6E67 		.ascii	"long long int\000"
 411      206C6F6E 
 411      6720696E 
 411      7400
 412 00e3 08       		.byte	0x8
 413 00e4 05       		.byte	0x5
 414 00e5 04       		.uleb128 0x4
 415 00e6 FD000000 		.4byte	0xfd
 416 00ea 04       		.byte	0x4
 417 00eb 02       		.byte	0x2
 418 00ec 1E       		.byte	0x1e
 419 00ed 05       		.uleb128 0x5
 420 00ee 46414C53 		.ascii	"FALSE\000"
 420      4500
 421 00f4 00       		.sleb128 0
 422 00f5 05       		.uleb128 0x5
ARM GAS  /cygdrive/c/Users/embedded/AppData/Local/Temp/ccKkHTi9.s 			page 11


 423 00f6 54525545 		.ascii	"TRUE\000"
 423      00
 424 00fb 01       		.sleb128 1
 425 00fc 00       		.byte	0x0
 426 00fd 02       		.uleb128 0x2
 427 00fe 74426F6F 		.ascii	"tBool\000"
 427      6C00
 428 0104 02       		.byte	0x2
 429 0105 1F       		.byte	0x1f
 430 0106 E5000000 		.4byte	0xe5
 431 010a 06       		.uleb128 0x6
 432 010b 4C010000 		.4byte	0x14c
 433 010f 01       		.byte	0x1
 434 0110 73656E64 		.ascii	"sendToLCD\000"
 434      546F4C43 
 434      4400
 435 011a 01       		.byte	0x1
 436 011b 2E       		.byte	0x2e
 437 011c 01       		.byte	0x1
 438 011d 00000000 		.4byte	.LFB2
 439 0121 A0000000 		.4byte	.LFE2
 440 0125 00000000 		.4byte	.LLST0
 441 0129 07       		.uleb128 0x7
 442 012a 66697273 		.ascii	"firstBit\000"
 442      74426974 
 442      00
 443 0133 01       		.byte	0x1
 444 0134 2D       		.byte	0x2d
 445 0135 55000000 		.4byte	0x55
 446 0139 02       		.byte	0x2
 447 013a 91       		.byte	0x91
 448 013b 74       		.sleb128 -12
 449 013c 07       		.uleb128 0x7
 450 013d 64617461 		.ascii	"data\000"
 450      00
 451 0142 01       		.byte	0x1
 452 0143 2D       		.byte	0x2d
 453 0144 55000000 		.4byte	0x55
 454 0148 02       		.byte	0x2
 455 0149 91       		.byte	0x91
 456 014a 70       		.sleb128 -16
 457 014b 00       		.byte	0x0
 458 014c 08       		.uleb128 0x8
 459 014d 01       		.byte	0x1
 460 014e 696E6974 		.ascii	"initSpiForLcd\000"
 460      53706946 
 460      6F724C63 
 460      6400
 461 015c 01       		.byte	0x1
 462 015d 56       		.byte	0x56
 463 015e 01       		.byte	0x1
 464 015f A0000000 		.4byte	.LFB3
 465 0163 E8000000 		.4byte	.LFE3
 466 0167 37000000 		.4byte	.LLST1
 467 016b 09       		.uleb128 0x9
 468 016c 01       		.byte	0x1
 469 016d 73656C65 		.ascii	"selectLCD\000"
ARM GAS  /cygdrive/c/Users/embedded/AppData/Local/Temp/ccKkHTi9.s 			page 12


 469      63744C43 
 469      4400
 470 0177 01       		.byte	0x1
 471 0178 6D       		.byte	0x6d
 472 0179 01       		.byte	0x1
 473 017a E8000000 		.4byte	.LFB4
 474 017e 1C010000 		.4byte	.LFE4
 475 0182 62000000 		.4byte	.LLST2
 476 0186 07       		.uleb128 0x7
 477 0187 73656C65 		.ascii	"select\000"
 477      637400
 478 018e 01       		.byte	0x1
 479 018f 6C       		.byte	0x6c
 480 0190 FD000000 		.4byte	0xfd
 481 0194 02       		.byte	0x2
 482 0195 91       		.byte	0x91
 483 0196 74       		.sleb128 -12
 484 0197 00       		.byte	0x0
 485 0198 00       		.byte	0x0
 486              		.section	.debug_abbrev
 487 0000 01       		.uleb128 0x1
 488 0001 11       		.uleb128 0x11
 489 0002 01       		.byte	0x1
 490 0003 10       		.uleb128 0x10
 491 0004 06       		.uleb128 0x6
 492 0005 12       		.uleb128 0x12
 493 0006 01       		.uleb128 0x1
 494 0007 11       		.uleb128 0x11
 495 0008 01       		.uleb128 0x1
 496 0009 25       		.uleb128 0x25
 497 000a 08       		.uleb128 0x8
 498 000b 13       		.uleb128 0x13
 499 000c 0B       		.uleb128 0xb
 500 000d 03       		.uleb128 0x3
 501 000e 08       		.uleb128 0x8
 502 000f 1B       		.uleb128 0x1b
 503 0010 08       		.uleb128 0x8
 504 0011 00       		.byte	0x0
 505 0012 00       		.byte	0x0
 506 0013 02       		.uleb128 0x2
 507 0014 16       		.uleb128 0x16
 508 0015 00       		.byte	0x0
 509 0016 03       		.uleb128 0x3
 510 0017 08       		.uleb128 0x8
 511 0018 3A       		.uleb128 0x3a
 512 0019 0B       		.uleb128 0xb
 513 001a 3B       		.uleb128 0x3b
 514 001b 0B       		.uleb128 0xb
 515 001c 49       		.uleb128 0x49
 516 001d 13       		.uleb128 0x13
 517 001e 00       		.byte	0x0
 518 001f 00       		.byte	0x0
 519 0020 03       		.uleb128 0x3
 520 0021 24       		.uleb128 0x24
 521 0022 00       		.byte	0x0
 522 0023 03       		.uleb128 0x3
 523 0024 08       		.uleb128 0x8
ARM GAS  /cygdrive/c/Users/embedded/AppData/Local/Temp/ccKkHTi9.s 			page 13


 524 0025 0B       		.uleb128 0xb
 525 0026 0B       		.uleb128 0xb
 526 0027 3E       		.uleb128 0x3e
 527 0028 0B       		.uleb128 0xb
 528 0029 00       		.byte	0x0
 529 002a 00       		.byte	0x0
 530 002b 04       		.uleb128 0x4
 531 002c 04       		.uleb128 0x4
 532 002d 01       		.byte	0x1
 533 002e 01       		.uleb128 0x1
 534 002f 13       		.uleb128 0x13
 535 0030 0B       		.uleb128 0xb
 536 0031 0B       		.uleb128 0xb
 537 0032 3A       		.uleb128 0x3a
 538 0033 0B       		.uleb128 0xb
 539 0034 3B       		.uleb128 0x3b
 540 0035 0B       		.uleb128 0xb
 541 0036 00       		.byte	0x0
 542 0037 00       		.byte	0x0
 543 0038 05       		.uleb128 0x5
 544 0039 28       		.uleb128 0x28
 545 003a 00       		.byte	0x0
 546 003b 03       		.uleb128 0x3
 547 003c 08       		.uleb128 0x8
 548 003d 1C       		.uleb128 0x1c
 549 003e 0D       		.uleb128 0xd
 550 003f 00       		.byte	0x0
 551 0040 00       		.byte	0x0
 552 0041 06       		.uleb128 0x6
 553 0042 2E       		.uleb128 0x2e
 554 0043 01       		.byte	0x1
 555 0044 01       		.uleb128 0x1
 556 0045 13       		.uleb128 0x13
 557 0046 3F       		.uleb128 0x3f
 558 0047 0C       		.uleb128 0xc
 559 0048 03       		.uleb128 0x3
 560 0049 08       		.uleb128 0x8
 561 004a 3A       		.uleb128 0x3a
 562 004b 0B       		.uleb128 0xb
 563 004c 3B       		.uleb128 0x3b
 564 004d 0B       		.uleb128 0xb
 565 004e 27       		.uleb128 0x27
 566 004f 0C       		.uleb128 0xc
 567 0050 11       		.uleb128 0x11
 568 0051 01       		.uleb128 0x1
 569 0052 12       		.uleb128 0x12
 570 0053 01       		.uleb128 0x1
 571 0054 40       		.uleb128 0x40
 572 0055 06       		.uleb128 0x6
 573 0056 00       		.byte	0x0
 574 0057 00       		.byte	0x0
 575 0058 07       		.uleb128 0x7
 576 0059 05       		.uleb128 0x5
 577 005a 00       		.byte	0x0
 578 005b 03       		.uleb128 0x3
 579 005c 08       		.uleb128 0x8
 580 005d 3A       		.uleb128 0x3a
ARM GAS  /cygdrive/c/Users/embedded/AppData/Local/Temp/ccKkHTi9.s 			page 14


 581 005e 0B       		.uleb128 0xb
 582 005f 3B       		.uleb128 0x3b
 583 0060 0B       		.uleb128 0xb
 584 0061 49       		.uleb128 0x49
 585 0062 13       		.uleb128 0x13
 586 0063 02       		.uleb128 0x2
 587 0064 0A       		.uleb128 0xa
 588 0065 00       		.byte	0x0
 589 0066 00       		.byte	0x0
 590 0067 08       		.uleb128 0x8
 591 0068 2E       		.uleb128 0x2e
 592 0069 00       		.byte	0x0
 593 006a 3F       		.uleb128 0x3f
 594 006b 0C       		.uleb128 0xc
 595 006c 03       		.uleb128 0x3
 596 006d 08       		.uleb128 0x8
 597 006e 3A       		.uleb128 0x3a
 598 006f 0B       		.uleb128 0xb
 599 0070 3B       		.uleb128 0x3b
 600 0071 0B       		.uleb128 0xb
 601 0072 27       		.uleb128 0x27
 602 0073 0C       		.uleb128 0xc
 603 0074 11       		.uleb128 0x11
 604 0075 01       		.uleb128 0x1
 605 0076 12       		.uleb128 0x12
 606 0077 01       		.uleb128 0x1
 607 0078 40       		.uleb128 0x40
 608 0079 06       		.uleb128 0x6
 609 007a 00       		.byte	0x0
 610 007b 00       		.byte	0x0
 611 007c 09       		.uleb128 0x9
 612 007d 2E       		.uleb128 0x2e
 613 007e 01       		.byte	0x1
 614 007f 3F       		.uleb128 0x3f
 615 0080 0C       		.uleb128 0xc
 616 0081 03       		.uleb128 0x3
 617 0082 08       		.uleb128 0x8
 618 0083 3A       		.uleb128 0x3a
 619 0084 0B       		.uleb128 0xb
 620 0085 3B       		.uleb128 0x3b
 621 0086 0B       		.uleb128 0xb
 622 0087 27       		.uleb128 0x27
 623 0088 0C       		.uleb128 0xc
 624 0089 11       		.uleb128 0x11
 625 008a 01       		.uleb128 0x1
 626 008b 12       		.uleb128 0x12
 627 008c 01       		.uleb128 0x1
 628 008d 40       		.uleb128 0x40
 629 008e 06       		.uleb128 0x6
 630 008f 00       		.byte	0x0
 631 0090 00       		.byte	0x0
 632 0091 00       		.byte	0x0
 633              		.section	.debug_pubnames,"",%progbits
 634 0000 3C000000 		.4byte	0x3c
 635 0004 0200     		.2byte	0x2
 636 0006 00000000 		.4byte	.Ldebug_info0
 637 000a 99010000 		.4byte	0x199
ARM GAS  /cygdrive/c/Users/embedded/AppData/Local/Temp/ccKkHTi9.s 			page 15


 638 000e 0A010000 		.4byte	0x10a
 639 0012 73656E64 		.ascii	"sendToLCD\000"
 639      546F4C43 
 639      4400
 640 001c 4C010000 		.4byte	0x14c
 641 0020 696E6974 		.ascii	"initSpiForLcd\000"
 641      53706946 
 641      6F724C63 
 641      6400
 642 002e 6B010000 		.4byte	0x16b
 643 0032 73656C65 		.ascii	"selectLCD\000"
 643      63744C43 
 643      4400
 644 003c 00000000 		.4byte	0x0
 645              		.section	.debug_aranges,"",%progbits
 646 0000 1C000000 		.4byte	0x1c
 647 0004 0200     		.2byte	0x2
 648 0006 00000000 		.4byte	.Ldebug_info0
 649 000a 04       		.byte	0x4
 650 000b 00       		.byte	0x0
 651 000c 0000     		.2byte	0x0
 652 000e 0000     		.2byte	0x0
 653 0010 00000000 		.4byte	.Ltext0
 654 0014 1C010000 		.4byte	.Letext0-.Ltext0
 655 0018 00000000 		.4byte	0x0
 656 001c 00000000 		.4byte	0x0
 657              		.ident	"GCC: (GNU) 4.1.1"
ARM GAS  /cygdrive/c/Users/embedded/AppData/Local/Temp/ccKkHTi9.s 			page 16


DEFINED SYMBOLS
                            *ABS*:00000000 lcd_hw.c
/cygdrive/c/Users/embedded/AppData/Local/Temp/ccKkHTi9.s:1      .text:00000000 $t
/cygdrive/c/Users/embedded/AppData/Local/Temp/ccKkHTi9.s:16     .text:00000000 sendToLCD
/cygdrive/c/Users/embedded/AppData/Local/Temp/ccKkHTi9.s:106    .text:00000080 $d
/cygdrive/c/Users/embedded/AppData/Local/Temp/ccKkHTi9.s:121    .text:000000a0 initSpiForLcd
/cygdrive/c/Users/embedded/AppData/Local/Temp/ccKkHTi9.s:118    .text:000000a0 $t
/cygdrive/c/Users/embedded/AppData/Local/Temp/ccKkHTi9.s:174    .text:000000e8 selectLCD
/cygdrive/c/Users/embedded/AppData/Local/Temp/ccKkHTi9.s:163    .text:000000d8 $d
/cygdrive/c/Users/embedded/AppData/Local/Temp/ccKkHTi9.s:171    .text:000000e8 $t
/cygdrive/c/Users/embedded/AppData/Local/Temp/ccKkHTi9.s:211    .text:00000114 $d

NO UNDEFINED SYMBOLS
