ARM GAS  /cygdrive/c/Users/embedded/AppData/Local/Temp/cccSTUn0.s 			page 1


   1              		.file	"irq_handler.c"
   2              		.section	.debug_abbrev,"",%progbits
   3              	.Ldebug_abbrev0:
   4              		.section	.debug_info,"",%progbits
   5              	.Ldebug_info0:
   6              		.section	.debug_line,"",%progbits
   7              	.Ldebug_line0:
   8 0000 61000000 		.text
   8      02004400 
   8      00000201 
   8      FB0E0D00 
   8      01010101 
   9              	.Ltext0:
  10              		.align	2
  11              		.global	IRQ_Test
  12              		.type	IRQ_Test, %function
  13              	IRQ_Test:
  14              	.LFB2:
  15              		.file 1 "irq_handler.c"
   1:irq_handler.c **** /*************************************************************************************
   2:irq_handler.c ****  *
   3:irq_handler.c ****  * @Description:
   4:irq_handler.c ****  * Przykładowa procedura obsługi przerwania dostosowania do 
   5:irq_handler.c ****  * obsługi przerwań wektoryzowanych.
   6:irq_handler.c ****  * Procedura ta przełącza stan diody P0.9.
   7:irq_handler.c ****  * 
   8:irq_handler.c ****  * 
   9:irq_handler.c ****  * @Authors: Michał Morawski, 
  10:irq_handler.c ****  *           Daniel Arendt, 
  11:irq_handler.c ****  *           Przemysław Ignaciuk,
  12:irq_handler.c ****  *           Marcin Kwapisz
  13:irq_handler.c ****  *
  14:irq_handler.c ****  * @Change log:
  15:irq_handler.c ****  *           2016.12.01: Wersja oryginalna.
  16:irq_handler.c ****  *
  17:irq_handler.c ****  ******************************************************************************/
  18:irq_handler.c **** 
  19:irq_handler.c **** #include "../general.h"
  20:irq_handler.c **** #include <lpc2xxx.h>
  21:irq_handler.c **** #include "irq_handler.h"
  22:irq_handler.c **** #include "../timer.h"
  23:irq_handler.c **** #include "../add_irq.h"
  24:irq_handler.c **** 
  25:irq_handler.c **** #include "../Common_Def.h"
  26:irq_handler.c **** 
  27:irq_handler.c **** void IRQ_Test(void)
  28:irq_handler.c **** {
  16              		.loc 1 28 0
  17              		@ Interrupt Service Routine.
  18              		@ args = 0, pretend = 0, frame = 0
  19              		@ frame_needed = 1, uses_anonymous_args = 0
  20 0000 04C02DE5 		str	ip, [sp, #-4]!
  21 0004 0DC0A0E1 		mov	ip, sp
  22              	.LCFI0:
  23 0008 0CD82DE9 		stmfd	sp!, {r2, r3, fp, ip, lr, pc}
  24              	.LCFI1:
  25 000c 04B04CE2 		sub	fp, ip, #4
ARM GAS  /cygdrive/c/Users/embedded/AppData/Local/Temp/cccSTUn0.s 			page 2


  26              	.LCFI2:
  29:irq_handler.c **** 	if (TIMER_MR0_INT & T1IR)
  27              		.loc 1 29 0
  28 0010 0E32A0E3 		mov	r3, #-536870912
  29 0014 023983E2 		add	r3, r3, #32768
  30 0018 003093E5 		ldr	r3, [r3, #0]
  31 001c 013003E2 		and	r3, r3, #1
  32 0020 FF3003E2 		and	r3, r3, #255
  33 0024 000053E3 		cmp	r3, #0
  34 0028 0900000A 		beq	.L2
  30:irq_handler.c ****     {
  31:irq_handler.c ****         T1IR   = TIMER_MR0_INT;       // Informacja dla Timera #1,
  35              		.loc 1 31 0
  36 002c 0E32A0E3 		mov	r3, #-536870912
  37 0030 023983E2 		add	r3, r3, #32768
  38 0034 0120A0E3 		mov	r2, #1
  39 0038 002083E5 		str	r2, [r3, #0]
  32:irq_handler.c ****         losowosc = T1TC;                              // że jego przerwanie zostało obsłużone.
  40              		.loc 1 32 0
  41 003c 0239A0E3 		mov	r3, #32768
  42 0040 8E3283E2 		add	r3, r3, #-536870904
  43 0044 002093E5 		ldr	r2, [r3, #0]
  44 0048 60309FE5 		ldr	r3, .L7
  45 004c 002083E5 		str	r2, [r3, #0]
  46 0050 0E0000EA 		b	.L4
  47              	.L2:
  33:irq_handler.c ****     }
  34:irq_handler.c ****     else if (TIMER_MR1_INT & T1IR)
  48              		.loc 1 34 0
  49 0054 0E32A0E3 		mov	r3, #-536870912
  50 0058 023983E2 		add	r3, r3, #32768
  51 005c 003093E5 		ldr	r3, [r3, #0]
  52 0060 023003E2 		and	r3, r3, #2
  53 0064 000053E3 		cmp	r3, #0
  54 0068 0800000A 		beq	.L4
  35:irq_handler.c ****     {
  36:irq_handler.c ****         T1IR   = TIMER_MR1_INT;       // Informacja dla Timera #1,
  55              		.loc 1 36 0
  56 006c 0E32A0E3 		mov	r3, #-536870912
  57 0070 023983E2 		add	r3, r3, #32768
  58 0074 0220A0E3 		mov	r2, #2
  59 0078 002083E5 		str	r2, [r3, #0]
  37:irq_handler.c ****         losowosc = T1TC;                              // że jego przerwanie zostało obsłużone.
  60              		.loc 1 37 0
  61 007c 0239A0E3 		mov	r3, #32768
  62 0080 8E3283E2 		add	r3, r3, #-536870904
  63 0084 002093E5 		ldr	r2, [r3, #0]
  64 0088 20309FE5 		ldr	r3, .L7
  65 008c 002083E5 		str	r2, [r3, #0]
  66              	.L4:
  38:irq_handler.c ****     }
  39:irq_handler.c ****     VICVectAddr = 0;                  // End of Interrupt -> informacja dla
  67              		.loc 1 39 0
  68 0090 0030A0E3 		mov	r3, #0
  69 0094 FD3E43E2 		sub	r3, r3, #4048
  70 0098 0020A0E3 		mov	r2, #0
  71 009c 002083E5 		str	r2, [r3, #0]
ARM GAS  /cygdrive/c/Users/embedded/AppData/Local/Temp/cccSTUn0.s 			page 3


  40:irq_handler.c ****                                       // kontrolera przerwań
  41:irq_handler.c **** }
  72              		.loc 1 41 0
  73 00a0 14D04BE2 		sub	sp, fp, #20
  74 00a4 0C689DE8 		ldmfd	sp, {r2, r3, fp, sp, lr}
  75 00a8 0010BDE8 		ldmfd	sp!, {ip}
  76 00ac 04F05EE2 		subs	pc, lr, #4
  77              	.L8:
  78              		.align	2
  79              	.L7:
  80 00b0 00000000 		.word	losowosc
  81              	.LFE2:
  82              		.size	IRQ_Test, .-IRQ_Test
  83              		.comm	losowosc,4,4
  84              		.section	.debug_frame,"",%progbits
  85              	.Lframe0:
  86 0000 0C000000 		.4byte	.LECIE0-.LSCIE0
  87              	.LSCIE0:
  88 0004 FFFFFFFF 		.4byte	0xffffffff
  89 0008 01       		.byte	0x1
  90 0009 00       		.ascii	"\000"
  91 000a 01       		.uleb128 0x1
  92 000b 7C       		.sleb128 -4
  93 000c 0E       		.byte	0xe
  94 000d 0C       		.byte	0xc
  95 000e 0D       		.uleb128 0xd
  96 000f 00       		.uleb128 0x0
  97              		.align	2
  98              	.LECIE0:
  99              	.LSFDE0:
 100 0010 20000000 		.4byte	.LEFDE0-.LASFDE0
 101              	.LASFDE0:
 102 0014 00000000 		.4byte	.Lframe0
 103 0018 00000000 		.4byte	.LFB2
 104 001c B4000000 		.4byte	.LFE2-.LFB2
 105 0020 48       		.byte	0x4
 106              		.4byte	.LCFI0-.LFB2
 107 0021 0D       		.byte	0xd
 108 0022 0C       		.uleb128 0xc
 109 0023 44       		.byte	0x4
 110              		.4byte	.LCFI1-.LCFI0
 111 0024 8E       		.byte	0x8e
 112 0025 02       		.uleb128 0x2
 113 0026 8D       		.byte	0x8d
 114 0027 03       		.uleb128 0x3
 115 0028 8B       		.byte	0x8b
 116 0029 04       		.uleb128 0x4
 117 002a 83       		.byte	0x83
 118 002b 05       		.uleb128 0x5
 119 002c 82       		.byte	0x82
 120 002d 06       		.uleb128 0x6
 121 002e 44       		.byte	0x4
 122              		.4byte	.LCFI2-.LCFI1
 123 002f 0C       		.byte	0xc
 124 0030 0B       		.uleb128 0xb
 125 0031 04       		.uleb128 0x4
 126 0032 0000     		.align	2
ARM GAS  /cygdrive/c/Users/embedded/AppData/Local/Temp/cccSTUn0.s 			page 4


 127              	.LEFDE0:
 128              		.file 2 "../add_irq.h"
 129              		.file 3 "../general.h"
 130              		.text
 131              	.Letext0:
 132              		.section	.debug_loc,"",%progbits
 133              	.Ldebug_loc0:
 134              	.LLST0:
 135 0000 00000000 		.4byte	.LFB2-.Ltext0
 136 0004 08000000 		.4byte	.LCFI0-.Ltext0
 137 0008 0100     		.2byte	0x1
 138 000a 5D       		.byte	0x5d
 139 000b 08000000 		.4byte	.LCFI0-.Ltext0
 140 000f 10000000 		.4byte	.LCFI2-.Ltext0
 141 0013 0100     		.2byte	0x1
 142 0015 5C       		.byte	0x5c
 143 0016 10000000 		.4byte	.LCFI2-.Ltext0
 144 001a B4000000 		.4byte	.LFE2-.Ltext0
 145 001e 0200     		.2byte	0x2
 146 0020 7B       		.byte	0x7b
 147 0021 04       		.sleb128 4
 148 0022 00000000 		.4byte	0x0
 149 0026 00000000 		.4byte	0x0
 150              		.section	.debug_info
 151 0000 22010000 		.4byte	0x122
 152 0004 0200     		.2byte	0x2
 153 0006 00000000 		.4byte	.Ldebug_abbrev0
 154 000a 04       		.byte	0x4
 155 000b 01       		.uleb128 0x1
 156 000c 00000000 		.4byte	.Ldebug_line0
 157 0010 B4000000 		.4byte	.Letext0
 158 0014 00000000 		.4byte	.Ltext0
 159 0018 474E5520 		.ascii	"GNU C 4.1.1\000"
 159      4320342E 
 159      312E3100 
 160 0024 01       		.byte	0x1
 161 0025 6972715F 		.ascii	"irq_handler.c\000"
 161      68616E64 
 161      6C65722E 
 161      6300
 162 0033 2F637967 		.ascii	"/cygdrive/c/Embedded/eclipse/Demo/2138/irq\000"
 162      64726976 
 162      652F632F 
 162      456D6265 
 162      64646564 
 163 005e 02       		.uleb128 0x2
 164 005f 756E7369 		.ascii	"unsigned char\000"
 164      676E6564 
 164      20636861 
 164      7200
 165 006d 01       		.byte	0x1
 166 006e 08       		.byte	0x8
 167 006f 02       		.uleb128 0x2
 168 0070 73686F72 		.ascii	"short unsigned int\000"
 168      7420756E 
 168      7369676E 
 168      65642069 
ARM GAS  /cygdrive/c/Users/embedded/AppData/Local/Temp/cccSTUn0.s 			page 5


 168      6E7400
 169 0083 02       		.byte	0x2
 170 0084 07       		.byte	0x7
 171 0085 03       		.uleb128 0x3
 172 0086 74553332 		.ascii	"tU32\000"
 172      00
 173 008b 03       		.byte	0x3
 174 008c 18       		.byte	0x18
 175 008d 91000000 		.4byte	0x91
 176 0091 02       		.uleb128 0x2
 177 0092 756E7369 		.ascii	"unsigned int\000"
 177      676E6564 
 177      20696E74 
 177      00
 178 009f 04       		.byte	0x4
 179 00a0 07       		.byte	0x7
 180 00a1 02       		.uleb128 0x2
 181 00a2 6C6F6E67 		.ascii	"long long unsigned int\000"
 181      206C6F6E 
 181      6720756E 
 181      7369676E 
 181      65642069 
 182 00b9 08       		.byte	0x8
 183 00ba 07       		.byte	0x7
 184 00bb 02       		.uleb128 0x2
 185 00bc 7369676E 		.ascii	"signed char\000"
 185      65642063 
 185      68617200 
 186 00c8 01       		.byte	0x1
 187 00c9 06       		.byte	0x6
 188 00ca 02       		.uleb128 0x2
 189 00cb 73686F72 		.ascii	"short int\000"
 189      7420696E 
 189      7400
 190 00d5 02       		.byte	0x2
 191 00d6 05       		.byte	0x5
 192 00d7 02       		.uleb128 0x2
 193 00d8 696E7400 		.ascii	"int\000"
 194 00dc 04       		.byte	0x4
 195 00dd 05       		.byte	0x5
 196 00de 02       		.uleb128 0x2
 197 00df 6C6F6E67 		.ascii	"long long int\000"
 197      206C6F6E 
 197      6720696E 
 197      7400
 198 00ed 08       		.byte	0x8
 199 00ee 05       		.byte	0x5
 200 00ef 04       		.uleb128 0x4
 201 00f0 01       		.byte	0x1
 202 00f1 4952515F 		.ascii	"IRQ_Test\000"
 202      54657374 
 202      00
 203 00fa 01       		.byte	0x1
 204 00fb 1C       		.byte	0x1c
 205 00fc 01       		.byte	0x1
 206 00fd 00000000 		.4byte	.LFB2
 207 0101 B4000000 		.4byte	.LFE2
ARM GAS  /cygdrive/c/Users/embedded/AppData/Local/Temp/cccSTUn0.s 			page 6


 208 0105 00000000 		.4byte	.LLST0
 209 0109 05       		.uleb128 0x5
 210 010a 6C6F736F 		.ascii	"losowosc\000"
 210      776F7363 
 210      00
 211 0113 02       		.byte	0x2
 212 0114 01       		.byte	0x1
 213 0115 20010000 		.4byte	0x120
 214 0119 01       		.byte	0x1
 215 011a 05       		.byte	0x5
 216 011b 03       		.byte	0x3
 217 011c 00000000 		.4byte	losowosc
 218 0120 06       		.uleb128 0x6
 219 0121 85000000 		.4byte	0x85
 220 0125 00       		.byte	0x0
 221              		.section	.debug_abbrev
 222 0000 01       		.uleb128 0x1
 223 0001 11       		.uleb128 0x11
 224 0002 01       		.byte	0x1
 225 0003 10       		.uleb128 0x10
 226 0004 06       		.uleb128 0x6
 227 0005 12       		.uleb128 0x12
 228 0006 01       		.uleb128 0x1
 229 0007 11       		.uleb128 0x11
 230 0008 01       		.uleb128 0x1
 231 0009 25       		.uleb128 0x25
 232 000a 08       		.uleb128 0x8
 233 000b 13       		.uleb128 0x13
 234 000c 0B       		.uleb128 0xb
 235 000d 03       		.uleb128 0x3
 236 000e 08       		.uleb128 0x8
 237 000f 1B       		.uleb128 0x1b
 238 0010 08       		.uleb128 0x8
 239 0011 00       		.byte	0x0
 240 0012 00       		.byte	0x0
 241 0013 02       		.uleb128 0x2
 242 0014 24       		.uleb128 0x24
 243 0015 00       		.byte	0x0
 244 0016 03       		.uleb128 0x3
 245 0017 08       		.uleb128 0x8
 246 0018 0B       		.uleb128 0xb
 247 0019 0B       		.uleb128 0xb
 248 001a 3E       		.uleb128 0x3e
 249 001b 0B       		.uleb128 0xb
 250 001c 00       		.byte	0x0
 251 001d 00       		.byte	0x0
 252 001e 03       		.uleb128 0x3
 253 001f 16       		.uleb128 0x16
 254 0020 00       		.byte	0x0
 255 0021 03       		.uleb128 0x3
 256 0022 08       		.uleb128 0x8
 257 0023 3A       		.uleb128 0x3a
 258 0024 0B       		.uleb128 0xb
 259 0025 3B       		.uleb128 0x3b
 260 0026 0B       		.uleb128 0xb
 261 0027 49       		.uleb128 0x49
 262 0028 13       		.uleb128 0x13
ARM GAS  /cygdrive/c/Users/embedded/AppData/Local/Temp/cccSTUn0.s 			page 7


 263 0029 00       		.byte	0x0
 264 002a 00       		.byte	0x0
 265 002b 04       		.uleb128 0x4
 266 002c 2E       		.uleb128 0x2e
 267 002d 00       		.byte	0x0
 268 002e 3F       		.uleb128 0x3f
 269 002f 0C       		.uleb128 0xc
 270 0030 03       		.uleb128 0x3
 271 0031 08       		.uleb128 0x8
 272 0032 3A       		.uleb128 0x3a
 273 0033 0B       		.uleb128 0xb
 274 0034 3B       		.uleb128 0x3b
 275 0035 0B       		.uleb128 0xb
 276 0036 27       		.uleb128 0x27
 277 0037 0C       		.uleb128 0xc
 278 0038 11       		.uleb128 0x11
 279 0039 01       		.uleb128 0x1
 280 003a 12       		.uleb128 0x12
 281 003b 01       		.uleb128 0x1
 282 003c 40       		.uleb128 0x40
 283 003d 06       		.uleb128 0x6
 284 003e 00       		.byte	0x0
 285 003f 00       		.byte	0x0
 286 0040 05       		.uleb128 0x5
 287 0041 34       		.uleb128 0x34
 288 0042 00       		.byte	0x0
 289 0043 03       		.uleb128 0x3
 290 0044 08       		.uleb128 0x8
 291 0045 3A       		.uleb128 0x3a
 292 0046 0B       		.uleb128 0xb
 293 0047 3B       		.uleb128 0x3b
 294 0048 0B       		.uleb128 0xb
 295 0049 49       		.uleb128 0x49
 296 004a 13       		.uleb128 0x13
 297 004b 3F       		.uleb128 0x3f
 298 004c 0C       		.uleb128 0xc
 299 004d 02       		.uleb128 0x2
 300 004e 0A       		.uleb128 0xa
 301 004f 00       		.byte	0x0
 302 0050 00       		.byte	0x0
 303 0051 06       		.uleb128 0x6
 304 0052 35       		.uleb128 0x35
 305 0053 00       		.byte	0x0
 306 0054 49       		.uleb128 0x49
 307 0055 13       		.uleb128 0x13
 308 0056 00       		.byte	0x0
 309 0057 00       		.byte	0x0
 310 0058 00       		.byte	0x0
 311              		.section	.debug_pubnames,"",%progbits
 312 0000 28000000 		.4byte	0x28
 313 0004 0200     		.2byte	0x2
 314 0006 00000000 		.4byte	.Ldebug_info0
 315 000a 26010000 		.4byte	0x126
 316 000e EF000000 		.4byte	0xef
 317 0012 4952515F 		.ascii	"IRQ_Test\000"
 317      54657374 
 317      00
ARM GAS  /cygdrive/c/Users/embedded/AppData/Local/Temp/cccSTUn0.s 			page 8


 318 001b 09010000 		.4byte	0x109
 319 001f 6C6F736F 		.ascii	"losowosc\000"
 319      776F7363 
 319      00
 320 0028 00000000 		.4byte	0x0
 321              		.section	.debug_aranges,"",%progbits
 322 0000 1C000000 		.4byte	0x1c
 323 0004 0200     		.2byte	0x2
 324 0006 00000000 		.4byte	.Ldebug_info0
 325 000a 04       		.byte	0x4
 326 000b 00       		.byte	0x0
 327 000c 0000     		.2byte	0x0
 328 000e 0000     		.2byte	0x0
 329 0010 00000000 		.4byte	.Ltext0
 330 0014 B4000000 		.4byte	.Letext0-.Ltext0
 331 0018 00000000 		.4byte	0x0
 332 001c 00000000 		.4byte	0x0
 333              		.ident	"GCC: (GNU) 4.1.1"
ARM GAS  /cygdrive/c/Users/embedded/AppData/Local/Temp/cccSTUn0.s 			page 9


DEFINED SYMBOLS
                            *ABS*:00000000 irq_handler.c
/cygdrive/c/Users/embedded/AppData/Local/Temp/cccSTUn0.s:13     .text:00000000 IRQ_Test
/cygdrive/c/Users/embedded/AppData/Local/Temp/cccSTUn0.s:20     .text:00000000 $a
/cygdrive/c/Users/embedded/AppData/Local/Temp/cccSTUn0.s:80     .text:000000b0 $d
                            *COM*:00000004 losowosc

NO UNDEFINED SYMBOLS
